2020-05-24 14:46:54.708 [main] INFO  discord4j.core.DiscordClientBuilder      : Shard 0 with Discord4J 3.0.14 (https://discord4j.com)
2020-05-24 14:46:58.390 [reactor-http-nio-4] INFO  discord4j.gateway.outbound.0             : Sender completed on shard 0
2020-05-24 14:46:58.391 [reactor-http-nio-4] INFO  discord4j.gateway.outbound.0             : Forwarding close reason: 4004 Authentication failed.
2020-05-24 14:46:58.391 [reactor-http-nio-4] WARN  discord4j.gateway.0                      : Triggering error sequence (discord4j.common.close.CloseException: WebSocket closed: 4004 Authentication failed.)
2020-05-24 14:46:58.432 [reactor-http-nio-4] ERROR discord4j.gateway.client.0               : Gateway client error
discord4j.common.close.CloseException: WebSocket closed: 4004 Authentication failed.
	at discord4j.gateway.DiscordWebSocketHandler.lambda$handle$2(DiscordWebSocketHandler.java:98)
	at reactor.core.publisher.FluxPeek$PeekSubscriber.onComplete(FluxPeek.java:243)
	at reactor.netty.channel.MonoSendMany$SendManyInner.operationComplete(MonoSendMany.java:243)
	at reactor.netty.channel.MonoSendMany$SendManyInner.operationComplete(MonoSendMany.java:92)
	at io.netty.util.concurrent.DefaultPromise.notifyListener0(DefaultPromise.java:577)
	at io.netty.util.concurrent.DefaultPromise.notifyListeners0(DefaultPromise.java:570)
	at io.netty.util.concurrent.DefaultPromise.notifyListenersNow(DefaultPromise.java:549)
	at io.netty.util.concurrent.DefaultPromise.notifyListeners(DefaultPromise.java:490)
	at io.netty.util.concurrent.DefaultPromise.setValue0(DefaultPromise.java:615)
	at io.netty.util.concurrent.DefaultPromise.setSuccess0(DefaultPromise.java:604)
	at io.netty.util.concurrent.DefaultPromise.trySuccess(DefaultPromise.java:104)
	at io.netty.channel.DefaultChannelPromise.trySuccess(DefaultChannelPromise.java:84)
	at io.netty.channel.AbstractChannel$CloseFuture.setClosed(AbstractChannel.java:1158)
	at io.netty.channel.AbstractChannel$AbstractUnsafe.doClose0(AbstractChannel.java:760)
	at io.netty.channel.AbstractChannel$AbstractUnsafe.close(AbstractChannel.java:736)
	at io.netty.channel.AbstractChannel$AbstractUnsafe.close(AbstractChannel.java:607)
	at io.netty.channel.DefaultChannelPipeline$HeadContext.close(DefaultChannelPipeline.java:1352)
	at io.netty.channel.AbstractChannelHandlerContext.invokeClose(AbstractChannelHandlerContext.java:622)
	at io.netty.channel.AbstractChannelHandlerContext.close(AbstractChannelHandlerContext.java:606)
	at io.netty.handler.ssl.SslHandler$8.operationComplete(SslHandler.java:2097)
	at io.netty.handler.ssl.SslHandler$8.operationComplete(SslHandler.java:2086)
	at io.netty.util.concurrent.DefaultPromise.notifyListener0(DefaultPromise.java:577)
	at io.netty.util.concurrent.DefaultPromise.notifyListenersNow(DefaultPromise.java:551)
	at io.netty.util.concurrent.DefaultPromise.notifyListeners(DefaultPromise.java:490)
	at io.netty.util.concurrent.DefaultPromise.addListener(DefaultPromise.java:183)
	at io.netty.channel.DefaultChannelPromise.addListener(DefaultChannelPromise.java:95)
	at io.netty.channel.DefaultChannelPromise.addListener(DefaultChannelPromise.java:30)
	at io.netty.handler.ssl.SslHandler.safeClose(SslHandler.java:2086)
	at io.netty.handler.ssl.SslHandler.closeOutboundAndChannel(SslHandler.java:1874)
	at io.netty.handler.ssl.SslHandler.close(SslHandler.java:724)
	at io.netty.channel.AbstractChannelHandlerContext.invokeClose(AbstractChannelHandlerContext.java:622)
	at io.netty.channel.AbstractChannelHandlerContext.close(AbstractChannelHandlerContext.java:606)
	at io.netty.channel.AbstractChannelHandlerContext.close(AbstractChannelHandlerContext.java:472)
	at io.netty.channel.DefaultChannelPipeline.close(DefaultChannelPipeline.java:957)
	at io.netty.channel.AbstractChannel.close(AbstractChannel.java:232)
	at io.netty.channel.ChannelFutureListener$1.operationComplete(ChannelFutureListener.java:44)
	at io.netty.channel.ChannelFutureListener$1.operationComplete(ChannelFutureListener.java:41)
	at io.netty.util.concurrent.DefaultPromise.notifyListener0(DefaultPromise.java:577)
	at io.netty.util.concurrent.DefaultPromise.notifyListenersNow(DefaultPromise.java:551)
	at io.netty.util.concurrent.DefaultPromise.notifyListeners(DefaultPromise.java:490)
	at io.netty.util.concurrent.DefaultPromise.addListener(DefaultPromise.java:183)
	at io.netty.channel.DefaultChannelPromise.addListener(DefaultChannelPromise.java:95)
	at io.netty.channel.DefaultChannelPromise.addListener(DefaultChannelPromise.java:30)
	at reactor.netty.http.client.WebsocketClientOperations.sendCloseNow(WebsocketClientOperations.java:233)
	at reactor.netty.http.client.WebsocketClientOperations.onInboundNext(WebsocketClientOperations.java:144)
	at reactor.netty.channel.ChannelOperationsHandler.channelRead(ChannelOperationsHandler.java:90)
	at io.netty.channel.AbstractChannelHandlerContext.invokeChannelRead(AbstractChannelHandlerContext.java:379)
	at io.netty.channel.AbstractChannelHandlerContext.invokeChannelRead(AbstractChannelHandlerContext.java:365)
	at io.netty.channel.AbstractChannelHandlerContext.fireChannelRead(AbstractChannelHandlerContext.java:357)
	at io.netty.handler.codec.MessageToMessageDecoder.channelRead(MessageToMessageDecoder.java:102)
	at io.netty.channel.AbstractChannelHandlerContext.invokeChannelRead(AbstractChannelHandlerContext.java:379)
	at io.netty.channel.AbstractChannelHandlerContext.invokeChannelRead(AbstractChannelHandlerContext.java:365)
	at io.netty.channel.AbstractChannelHandlerContext.fireChannelRead(AbstractChannelHandlerContext.java:357)
	at discord4j.common.close.CloseHandlerAdapter.channelRead(CloseHandlerAdapter.java:44)
	at io.netty.channel.AbstractChannelHandlerContext.invokeChannelRead(AbstractChannelHandlerContext.java:379)
	at io.netty.channel.AbstractChannelHandlerContext.invokeChannelRead(AbstractChannelHandlerContext.java:365)
	at io.netty.channel.AbstractChannelHandlerContext.fireChannelRead(AbstractChannelHandlerContext.java:357)
	at io.netty.handler.codec.ByteToMessageDecoder.fireChannelRead(ByteToMessageDecoder.java:321)
	at io.netty.handler.codec.ByteToMessageDecoder.channelRead(ByteToMessageDecoder.java:295)
	at io.netty.channel.AbstractChannelHandlerContext.invokeChannelRead(AbstractChannelHandlerContext.java:379)
	at io.netty.channel.AbstractChannelHandlerContext.invokeChannelRead(AbstractChannelHandlerContext.java:365)
	at io.netty.channel.AbstractChannelHandlerContext.fireChannelRead(AbstractChannelHandlerContext.java:357)
	at io.netty.handler.ssl.SslHandler.unwrap(SslHandler.java:1486)
	at io.netty.handler.ssl.SslHandler.decodeJdkCompatible(SslHandler.java:1235)
	at io.netty.handler.ssl.SslHandler.decode(SslHandler.java:1282)
	at io.netty.handler.codec.ByteToMessageDecoder.decodeRemovalReentryProtection(ByteToMessageDecoder.java:498)
	at io.netty.handler.codec.ByteToMessageDecoder.callDecode(ByteToMessageDecoder.java:437)
	at io.netty.handler.codec.ByteToMessageDecoder.channelRead(ByteToMessageDecoder.java:276)
	at io.netty.channel.AbstractChannelHandlerContext.invokeChannelRead(AbstractChannelHandlerContext.java:379)
	at io.netty.channel.AbstractChannelHandlerContext.invokeChannelRead(AbstractChannelHandlerContext.java:365)
	at io.netty.channel.AbstractChannelHandlerContext.fireChannelRead(AbstractChannelHandlerContext.java:357)
	at io.netty.channel.DefaultChannelPipeline$HeadContext.channelRead(DefaultChannelPipeline.java:1410)
	at io.netty.channel.AbstractChannelHandlerContext.invokeChannelRead(AbstractChannelHandlerContext.java:379)
	at io.netty.channel.AbstractChannelHandlerContext.invokeChannelRead(AbstractChannelHandlerContext.java:365)
	at io.netty.channel.DefaultChannelPipeline.fireChannelRead(DefaultChannelPipeline.java:919)
	at io.netty.channel.nio.AbstractNioByteChannel$NioByteUnsafe.read(AbstractNioByteChannel.java:163)
	at io.netty.channel.nio.NioEventLoop.processSelectedKey(NioEventLoop.java:714)
	at io.netty.channel.nio.NioEventLoop.processSelectedKeysOptimized(NioEventLoop.java:650)
	at io.netty.channel.nio.NioEventLoop.processSelectedKeys(NioEventLoop.java:576)
	at io.netty.channel.nio.NioEventLoop.run(NioEventLoop.java:493)
	at io.netty.util.concurrent.SingleThreadEventExecutor$4.run(SingleThreadEventExecutor.java:989)
	at io.netty.util.internal.ThreadExecutorMap$2.run(ThreadExecutorMap.java:74)
	at io.netty.util.concurrent.FastThreadLocalRunnable.run(FastThreadLocalRunnable.java:30)
	at java.base/java.lang.Thread.run(Thread.java:832)
	Suppressed: reactor.core.publisher.FluxOnAssembly$OnAssemblyException: 
Assembly trace from producer [reactor.core.publisher.MonoLog] :
	reactor.core.publisher.Mono.log(Mono.java:2853)
	discord4j.gateway.DiscordWebSocketHandler.handle(DiscordWebSocketHandler.java:84)
Error has been observed by the following operator(s):
	|_	Mono.log ⇢ discord4j.gateway.DiscordWebSocketHandler.handle(DiscordWebSocketHandler.java:84)
	|_	Mono.zip ⇢ discord4j.gateway.DiscordWebSocketHandler.handle(DiscordWebSocketHandler.java:123)
	|_	Mono.doOnError ⇢ discord4j.gateway.DiscordWebSocketHandler.handle(DiscordWebSocketHandler.java:124)
	|_	Mono.then ⇢ discord4j.gateway.DiscordWebSocketHandler.handle(DiscordWebSocketHandler.java:125)
	|_	Flux.doFinally ⇢ reactor.netty.http.client.WebsocketFinalizer.lambda$handle$6(WebsocketFinalizer.java:75)
	|_	Mono.flatMapMany ⇢ reactor.netty.http.client.WebsocketFinalizer.handle(WebsocketFinalizer.java:74)
	|_	Flux.doOnTerminate ⇢ discord4j.gateway.DefaultGatewayClient.lambda$execute$16(DefaultGatewayClient.java:267)
	|_	Flux.then ⇢ discord4j.gateway.DefaultGatewayClient.lambda$execute$16(DefaultGatewayClient.java:268)
	|_	Mono.log ⇢ discord4j.gateway.DefaultGatewayClient.lambda$execute$16(DefaultGatewayClient.java:269)
	|_	Mono.zip ⇢ discord4j.gateway.DefaultGatewayClient.lambda$execute$16(DefaultGatewayClient.java:271)

2020-05-24 14:46:58.446 [main] ERROR ChatKat                                  : discord4j.common.close.CloseException: WebSocket closed: 4004 Authentication failed.
2020-05-24 14:47:24.610 [main] INFO  discord4j.core.DiscordClientBuilder      : Shard 0 with Discord4J 3.0.14 (https://discord4j.com)
2020-05-24 14:47:26.032 [reactor-http-nio-4] INFO  discord4j.gateway.outbound.0             : Sender completed on shard 0
2020-05-24 14:47:26.032 [reactor-http-nio-4] INFO  discord4j.gateway.outbound.0             : Forwarding close reason: 4004 Authentication failed.
2020-05-24 14:47:26.032 [reactor-http-nio-4] WARN  discord4j.gateway.0                      : Triggering error sequence (discord4j.common.close.CloseException: WebSocket closed: 4004 Authentication failed.)
2020-05-24 14:47:26.067 [reactor-http-nio-4] ERROR discord4j.gateway.client.0               : Gateway client error
discord4j.common.close.CloseException: WebSocket closed: 4004 Authentication failed.
	at discord4j.gateway.DiscordWebSocketHandler.lambda$handle$2(DiscordWebSocketHandler.java:98)
	at reactor.core.publisher.FluxPeek$PeekSubscriber.onComplete(FluxPeek.java:243)
	at reactor.netty.channel.MonoSendMany$SendManyInner.operationComplete(MonoSendMany.java:243)
	at reactor.netty.channel.MonoSendMany$SendManyInner.operationComplete(MonoSendMany.java:92)
	at io.netty.util.concurrent.DefaultPromise.notifyListener0(DefaultPromise.java:577)
	at io.netty.util.concurrent.DefaultPromise.notifyListeners0(DefaultPromise.java:570)
	at io.netty.util.concurrent.DefaultPromise.notifyListenersNow(DefaultPromise.java:549)
	at io.netty.util.concurrent.DefaultPromise.notifyListeners(DefaultPromise.java:490)
	at io.netty.util.concurrent.DefaultPromise.setValue0(DefaultPromise.java:615)
	at io.netty.util.concurrent.DefaultPromise.setSuccess0(DefaultPromise.java:604)
	at io.netty.util.concurrent.DefaultPromise.trySuccess(DefaultPromise.java:104)
	at io.netty.channel.DefaultChannelPromise.trySuccess(DefaultChannelPromise.java:84)
	at io.netty.channel.AbstractChannel$CloseFuture.setClosed(AbstractChannel.java:1158)
	at io.netty.channel.AbstractChannel$AbstractUnsafe.doClose0(AbstractChannel.java:760)
	at io.netty.channel.AbstractChannel$AbstractUnsafe.close(AbstractChannel.java:736)
	at io.netty.channel.AbstractChannel$AbstractUnsafe.close(AbstractChannel.java:607)
	at io.netty.channel.DefaultChannelPipeline$HeadContext.close(DefaultChannelPipeline.java:1352)
	at io.netty.channel.AbstractChannelHandlerContext.invokeClose(AbstractChannelHandlerContext.java:622)
	at io.netty.channel.AbstractChannelHandlerContext.close(AbstractChannelHandlerContext.java:606)
	at io.netty.handler.ssl.SslHandler$8.operationComplete(SslHandler.java:2097)
	at io.netty.handler.ssl.SslHandler$8.operationComplete(SslHandler.java:2086)
	at io.netty.util.concurrent.DefaultPromise.notifyListener0(DefaultPromise.java:577)
	at io.netty.util.concurrent.DefaultPromise.notifyListenersNow(DefaultPromise.java:551)
	at io.netty.util.concurrent.DefaultPromise.notifyListeners(DefaultPromise.java:490)
	at io.netty.util.concurrent.DefaultPromise.addListener(DefaultPromise.java:183)
	at io.netty.channel.DefaultChannelPromise.addListener(DefaultChannelPromise.java:95)
	at io.netty.channel.DefaultChannelPromise.addListener(DefaultChannelPromise.java:30)
	at io.netty.handler.ssl.SslHandler.safeClose(SslHandler.java:2086)
	at io.netty.handler.ssl.SslHandler.closeOutboundAndChannel(SslHandler.java:1874)
	at io.netty.handler.ssl.SslHandler.close(SslHandler.java:724)
	at io.netty.channel.AbstractChannelHandlerContext.invokeClose(AbstractChannelHandlerContext.java:622)
	at io.netty.channel.AbstractChannelHandlerContext.close(AbstractChannelHandlerContext.java:606)
	at io.netty.channel.AbstractChannelHandlerContext.close(AbstractChannelHandlerContext.java:472)
	at io.netty.channel.DefaultChannelPipeline.close(DefaultChannelPipeline.java:957)
	at io.netty.channel.AbstractChannel.close(AbstractChannel.java:232)
	at io.netty.channel.ChannelFutureListener$1.operationComplete(ChannelFutureListener.java:44)
	at io.netty.channel.ChannelFutureListener$1.operationComplete(ChannelFutureListener.java:41)
	at io.netty.util.concurrent.DefaultPromise.notifyListener0(DefaultPromise.java:577)
	at io.netty.util.concurrent.DefaultPromise.notifyListenersNow(DefaultPromise.java:551)
	at io.netty.util.concurrent.DefaultPromise.notifyListeners(DefaultPromise.java:490)
	at io.netty.util.concurrent.DefaultPromise.addListener(DefaultPromise.java:183)
	at io.netty.channel.DefaultChannelPromise.addListener(DefaultChannelPromise.java:95)
	at io.netty.channel.DefaultChannelPromise.addListener(DefaultChannelPromise.java:30)
	at reactor.netty.http.client.WebsocketClientOperations.sendCloseNow(WebsocketClientOperations.java:233)
	at reactor.netty.http.client.WebsocketClientOperations.onInboundNext(WebsocketClientOperations.java:144)
	at reactor.netty.channel.ChannelOperationsHandler.channelRead(ChannelOperationsHandler.java:90)
	at io.netty.channel.AbstractChannelHandlerContext.invokeChannelRead(AbstractChannelHandlerContext.java:379)
	at io.netty.channel.AbstractChannelHandlerContext.invokeChannelRead(AbstractChannelHandlerContext.java:365)
	at io.netty.channel.AbstractChannelHandlerContext.fireChannelRead(AbstractChannelHandlerContext.java:357)
	at io.netty.handler.codec.MessageToMessageDecoder.channelRead(MessageToMessageDecoder.java:102)
	at io.netty.channel.AbstractChannelHandlerContext.invokeChannelRead(AbstractChannelHandlerContext.java:379)
	at io.netty.channel.AbstractChannelHandlerContext.invokeChannelRead(AbstractChannelHandlerContext.java:365)
	at io.netty.channel.AbstractChannelHandlerContext.fireChannelRead(AbstractChannelHandlerContext.java:357)
	at discord4j.common.close.CloseHandlerAdapter.channelRead(CloseHandlerAdapter.java:44)
	at io.netty.channel.AbstractChannelHandlerContext.invokeChannelRead(AbstractChannelHandlerContext.java:379)
	at io.netty.channel.AbstractChannelHandlerContext.invokeChannelRead(AbstractChannelHandlerContext.java:365)
	at io.netty.channel.AbstractChannelHandlerContext.fireChannelRead(AbstractChannelHandlerContext.java:357)
	at io.netty.handler.codec.ByteToMessageDecoder.fireChannelRead(ByteToMessageDecoder.java:321)
	at io.netty.handler.codec.ByteToMessageDecoder.channelRead(ByteToMessageDecoder.java:295)
	at io.netty.channel.AbstractChannelHandlerContext.invokeChannelRead(AbstractChannelHandlerContext.java:379)
	at io.netty.channel.AbstractChannelHandlerContext.invokeChannelRead(AbstractChannelHandlerContext.java:365)
	at io.netty.channel.AbstractChannelHandlerContext.fireChannelRead(AbstractChannelHandlerContext.java:357)
	at io.netty.handler.ssl.SslHandler.unwrap(SslHandler.java:1486)
	at io.netty.handler.ssl.SslHandler.decodeJdkCompatible(SslHandler.java:1235)
	at io.netty.handler.ssl.SslHandler.decode(SslHandler.java:1282)
	at io.netty.handler.codec.ByteToMessageDecoder.decodeRemovalReentryProtection(ByteToMessageDecoder.java:498)
	at io.netty.handler.codec.ByteToMessageDecoder.callDecode(ByteToMessageDecoder.java:437)
	at io.netty.handler.codec.ByteToMessageDecoder.channelRead(ByteToMessageDecoder.java:276)
	at io.netty.channel.AbstractChannelHandlerContext.invokeChannelRead(AbstractChannelHandlerContext.java:379)
	at io.netty.channel.AbstractChannelHandlerContext.invokeChannelRead(AbstractChannelHandlerContext.java:365)
	at io.netty.channel.AbstractChannelHandlerContext.fireChannelRead(AbstractChannelHandlerContext.java:357)
	at io.netty.channel.DefaultChannelPipeline$HeadContext.channelRead(DefaultChannelPipeline.java:1410)
	at io.netty.channel.AbstractChannelHandlerContext.invokeChannelRead(AbstractChannelHandlerContext.java:379)
	at io.netty.channel.AbstractChannelHandlerContext.invokeChannelRead(AbstractChannelHandlerContext.java:365)
	at io.netty.channel.DefaultChannelPipeline.fireChannelRead(DefaultChannelPipeline.java:919)
	at io.netty.channel.nio.AbstractNioByteChannel$NioByteUnsafe.read(AbstractNioByteChannel.java:163)
	at io.netty.channel.nio.NioEventLoop.processSelectedKey(NioEventLoop.java:714)
	at io.netty.channel.nio.NioEventLoop.processSelectedKeysOptimized(NioEventLoop.java:650)
	at io.netty.channel.nio.NioEventLoop.processSelectedKeys(NioEventLoop.java:576)
	at io.netty.channel.nio.NioEventLoop.run(NioEventLoop.java:493)
	at io.netty.util.concurrent.SingleThreadEventExecutor$4.run(SingleThreadEventExecutor.java:989)
	at io.netty.util.internal.ThreadExecutorMap$2.run(ThreadExecutorMap.java:74)
	at io.netty.util.concurrent.FastThreadLocalRunnable.run(FastThreadLocalRunnable.java:30)
	at java.base/java.lang.Thread.run(Thread.java:832)
	Suppressed: reactor.core.publisher.FluxOnAssembly$OnAssemblyException: 
Assembly trace from producer [reactor.core.publisher.MonoLog] :
	reactor.core.publisher.Mono.log(Mono.java:2853)
	discord4j.gateway.DiscordWebSocketHandler.handle(DiscordWebSocketHandler.java:84)
Error has been observed by the following operator(s):
	|_	Mono.log ⇢ discord4j.gateway.DiscordWebSocketHandler.handle(DiscordWebSocketHandler.java:84)
	|_	Mono.zip ⇢ discord4j.gateway.DiscordWebSocketHandler.handle(DiscordWebSocketHandler.java:123)
	|_	Mono.doOnError ⇢ discord4j.gateway.DiscordWebSocketHandler.handle(DiscordWebSocketHandler.java:124)
	|_	Mono.then ⇢ discord4j.gateway.DiscordWebSocketHandler.handle(DiscordWebSocketHandler.java:125)
	|_	Flux.doFinally ⇢ reactor.netty.http.client.WebsocketFinalizer.lambda$handle$6(WebsocketFinalizer.java:75)
	|_	Mono.flatMapMany ⇢ reactor.netty.http.client.WebsocketFinalizer.handle(WebsocketFinalizer.java:74)
	|_	Flux.doOnTerminate ⇢ discord4j.gateway.DefaultGatewayClient.lambda$execute$16(DefaultGatewayClient.java:267)
	|_	Flux.then ⇢ discord4j.gateway.DefaultGatewayClient.lambda$execute$16(DefaultGatewayClient.java:268)
	|_	Mono.log ⇢ discord4j.gateway.DefaultGatewayClient.lambda$execute$16(DefaultGatewayClient.java:269)
	|_	Mono.zip ⇢ discord4j.gateway.DefaultGatewayClient.lambda$execute$16(DefaultGatewayClient.java:271)

2020-05-24 14:47:26.076 [main] ERROR ChatKat                                  : discord4j.common.close.CloseException: WebSocket closed: 4004 Authentication failed.
2020-05-24 14:47:52.969 [main] INFO  discord4j.core.DiscordClientBuilder      : Shard 0 with Discord4J 3.0.14 (https://discord4j.com)
2020-05-24 14:48:00.332 [main] INFO  discord4j.core.DiscordClientBuilder      : Shard 0 with Discord4J 3.0.14 (https://discord4j.com)
2020-05-24 14:48:08.125 [reactor-http-nio-4] INFO  discord4j.gateway.outbound.0             : Sender completed on shard 0
2020-05-24 14:48:08.125 [reactor-http-nio-4] INFO  discord4j.gateway.outbound.0             : Forwarding close reason: 4004 Authentication failed.
2020-05-24 14:48:08.126 [reactor-http-nio-4] WARN  discord4j.gateway.0                      : Triggering error sequence (discord4j.common.close.CloseException: WebSocket closed: 4004 Authentication failed.)
2020-05-24 14:48:08.173 [reactor-http-nio-4] ERROR discord4j.gateway.client.0               : Gateway client error
discord4j.common.close.CloseException: WebSocket closed: 4004 Authentication failed.
	at discord4j.gateway.DiscordWebSocketHandler.lambda$handle$2(DiscordWebSocketHandler.java:98)
	at reactor.core.publisher.FluxPeek$PeekSubscriber.onComplete(FluxPeek.java:243)
	at reactor.netty.channel.MonoSendMany$SendManyInner.operationComplete(MonoSendMany.java:243)
	at reactor.netty.channel.MonoSendMany$SendManyInner.operationComplete(MonoSendMany.java:92)
	at io.netty.util.concurrent.DefaultPromise.notifyListener0(DefaultPromise.java:577)
	at io.netty.util.concurrent.DefaultPromise.notifyListeners0(DefaultPromise.java:570)
	at io.netty.util.concurrent.DefaultPromise.notifyListenersNow(DefaultPromise.java:549)
	at io.netty.util.concurrent.DefaultPromise.notifyListeners(DefaultPromise.java:490)
	at io.netty.util.concurrent.DefaultPromise.setValue0(DefaultPromise.java:615)
	at io.netty.util.concurrent.DefaultPromise.setSuccess0(DefaultPromise.java:604)
	at io.netty.util.concurrent.DefaultPromise.trySuccess(DefaultPromise.java:104)
	at io.netty.channel.DefaultChannelPromise.trySuccess(DefaultChannelPromise.java:84)
	at io.netty.channel.AbstractChannel$CloseFuture.setClosed(AbstractChannel.java:1158)
	at io.netty.channel.AbstractChannel$AbstractUnsafe.doClose0(AbstractChannel.java:760)
	at io.netty.channel.AbstractChannel$AbstractUnsafe.close(AbstractChannel.java:736)
	at io.netty.channel.AbstractChannel$AbstractUnsafe.close(AbstractChannel.java:607)
	at io.netty.channel.DefaultChannelPipeline$HeadContext.close(DefaultChannelPipeline.java:1352)
	at io.netty.channel.AbstractChannelHandlerContext.invokeClose(AbstractChannelHandlerContext.java:622)
	at io.netty.channel.AbstractChannelHandlerContext.close(AbstractChannelHandlerContext.java:606)
	at io.netty.handler.ssl.SslHandler$8.operationComplete(SslHandler.java:2097)
	at io.netty.handler.ssl.SslHandler$8.operationComplete(SslHandler.java:2086)
	at io.netty.util.concurrent.DefaultPromise.notifyListener0(DefaultPromise.java:577)
	at io.netty.util.concurrent.DefaultPromise.notifyListenersNow(DefaultPromise.java:551)
	at io.netty.util.concurrent.DefaultPromise.notifyListeners(DefaultPromise.java:490)
	at io.netty.util.concurrent.DefaultPromise.addListener(DefaultPromise.java:183)
	at io.netty.channel.DefaultChannelPromise.addListener(DefaultChannelPromise.java:95)
	at io.netty.channel.DefaultChannelPromise.addListener(DefaultChannelPromise.java:30)
	at io.netty.handler.ssl.SslHandler.safeClose(SslHandler.java:2086)
	at io.netty.handler.ssl.SslHandler.closeOutboundAndChannel(SslHandler.java:1874)
	at io.netty.handler.ssl.SslHandler.close(SslHandler.java:724)
	at io.netty.channel.AbstractChannelHandlerContext.invokeClose(AbstractChannelHandlerContext.java:622)
	at io.netty.channel.AbstractChannelHandlerContext.close(AbstractChannelHandlerContext.java:606)
	at io.netty.channel.AbstractChannelHandlerContext.close(AbstractChannelHandlerContext.java:472)
	at io.netty.channel.DefaultChannelPipeline.close(DefaultChannelPipeline.java:957)
	at io.netty.channel.AbstractChannel.close(AbstractChannel.java:232)
	at io.netty.channel.ChannelFutureListener$1.operationComplete(ChannelFutureListener.java:44)
	at io.netty.channel.ChannelFutureListener$1.operationComplete(ChannelFutureListener.java:41)
	at io.netty.util.concurrent.DefaultPromise.notifyListener0(DefaultPromise.java:577)
	at io.netty.util.concurrent.DefaultPromise.notifyListenersNow(DefaultPromise.java:551)
	at io.netty.util.concurrent.DefaultPromise.notifyListeners(DefaultPromise.java:490)
	at io.netty.util.concurrent.DefaultPromise.addListener(DefaultPromise.java:183)
	at io.netty.channel.DefaultChannelPromise.addListener(DefaultChannelPromise.java:95)
	at io.netty.channel.DefaultChannelPromise.addListener(DefaultChannelPromise.java:30)
	at reactor.netty.http.client.WebsocketClientOperations.sendCloseNow(WebsocketClientOperations.java:233)
	at reactor.netty.http.client.WebsocketClientOperations.onInboundNext(WebsocketClientOperations.java:144)
	at reactor.netty.channel.ChannelOperationsHandler.channelRead(ChannelOperationsHandler.java:90)
	at io.netty.channel.AbstractChannelHandlerContext.invokeChannelRead(AbstractChannelHandlerContext.java:379)
	at io.netty.channel.AbstractChannelHandlerContext.invokeChannelRead(AbstractChannelHandlerContext.java:365)
	at io.netty.channel.AbstractChannelHandlerContext.fireChannelRead(AbstractChannelHandlerContext.java:357)
	at io.netty.handler.codec.MessageToMessageDecoder.channelRead(MessageToMessageDecoder.java:102)
	at io.netty.channel.AbstractChannelHandlerContext.invokeChannelRead(AbstractChannelHandlerContext.java:379)
	at io.netty.channel.AbstractChannelHandlerContext.invokeChannelRead(AbstractChannelHandlerContext.java:365)
	at io.netty.channel.AbstractChannelHandlerContext.fireChannelRead(AbstractChannelHandlerContext.java:357)
	at discord4j.common.close.CloseHandlerAdapter.channelRead(CloseHandlerAdapter.java:44)
	at io.netty.channel.AbstractChannelHandlerContext.invokeChannelRead(AbstractChannelHandlerContext.java:379)
	at io.netty.channel.AbstractChannelHandlerContext.invokeChannelRead(AbstractChannelHandlerContext.java:365)
	at io.netty.channel.AbstractChannelHandlerContext.fireChannelRead(AbstractChannelHandlerContext.java:357)
	at io.netty.handler.codec.ByteToMessageDecoder.fireChannelRead(ByteToMessageDecoder.java:321)
	at io.netty.handler.codec.ByteToMessageDecoder.channelRead(ByteToMessageDecoder.java:295)
	at io.netty.channel.AbstractChannelHandlerContext.invokeChannelRead(AbstractChannelHandlerContext.java:379)
	at io.netty.channel.AbstractChannelHandlerContext.invokeChannelRead(AbstractChannelHandlerContext.java:365)
	at io.netty.channel.AbstractChannelHandlerContext.fireChannelRead(AbstractChannelHandlerContext.java:357)
	at io.netty.handler.ssl.SslHandler.unwrap(SslHandler.java:1486)
	at io.netty.handler.ssl.SslHandler.decodeJdkCompatible(SslHandler.java:1235)
	at io.netty.handler.ssl.SslHandler.decode(SslHandler.java:1282)
	at io.netty.handler.codec.ByteToMessageDecoder.decodeRemovalReentryProtection(ByteToMessageDecoder.java:498)
	at io.netty.handler.codec.ByteToMessageDecoder.callDecode(ByteToMessageDecoder.java:437)
	at io.netty.handler.codec.ByteToMessageDecoder.channelRead(ByteToMessageDecoder.java:276)
	at io.netty.channel.AbstractChannelHandlerContext.invokeChannelRead(AbstractChannelHandlerContext.java:379)
	at io.netty.channel.AbstractChannelHandlerContext.invokeChannelRead(AbstractChannelHandlerContext.java:365)
	at io.netty.channel.AbstractChannelHandlerContext.fireChannelRead(AbstractChannelHandlerContext.java:357)
	at io.netty.channel.DefaultChannelPipeline$HeadContext.channelRead(DefaultChannelPipeline.java:1410)
	at io.netty.channel.AbstractChannelHandlerContext.invokeChannelRead(AbstractChannelHandlerContext.java:379)
	at io.netty.channel.AbstractChannelHandlerContext.invokeChannelRead(AbstractChannelHandlerContext.java:365)
	at io.netty.channel.DefaultChannelPipeline.fireChannelRead(DefaultChannelPipeline.java:919)
	at io.netty.channel.nio.AbstractNioByteChannel$NioByteUnsafe.read(AbstractNioByteChannel.java:163)
	at io.netty.channel.nio.NioEventLoop.processSelectedKey(NioEventLoop.java:714)
	at io.netty.channel.nio.NioEventLoop.processSelectedKeysOptimized(NioEventLoop.java:650)
	at io.netty.channel.nio.NioEventLoop.processSelectedKeys(NioEventLoop.java:576)
	at io.netty.channel.nio.NioEventLoop.run(NioEventLoop.java:493)
	at io.netty.util.concurrent.SingleThreadEventExecutor$4.run(SingleThreadEventExecutor.java:989)
	at io.netty.util.internal.ThreadExecutorMap$2.run(ThreadExecutorMap.java:74)
	at io.netty.util.concurrent.FastThreadLocalRunnable.run(FastThreadLocalRunnable.java:30)
	at java.base/java.lang.Thread.run(Thread.java:832)
	Suppressed: reactor.core.publisher.FluxOnAssembly$OnAssemblyException: 
Assembly trace from producer [reactor.core.publisher.MonoLog] :
	reactor.core.publisher.Mono.log(Mono.java:2853)
	discord4j.gateway.DiscordWebSocketHandler.handle(DiscordWebSocketHandler.java:84)
Error has been observed by the following operator(s):
	|_	Mono.log ⇢ discord4j.gateway.DiscordWebSocketHandler.handle(DiscordWebSocketHandler.java:84)
	|_	Mono.zip ⇢ discord4j.gateway.DiscordWebSocketHandler.handle(DiscordWebSocketHandler.java:123)
	|_	Mono.doOnError ⇢ discord4j.gateway.DiscordWebSocketHandler.handle(DiscordWebSocketHandler.java:124)
	|_	Mono.then ⇢ discord4j.gateway.DiscordWebSocketHandler.handle(DiscordWebSocketHandler.java:125)
	|_	Flux.doFinally ⇢ reactor.netty.http.client.WebsocketFinalizer.lambda$handle$6(WebsocketFinalizer.java:75)
	|_	Mono.flatMapMany ⇢ reactor.netty.http.client.WebsocketFinalizer.handle(WebsocketFinalizer.java:74)
	|_	Flux.doOnTerminate ⇢ discord4j.gateway.DefaultGatewayClient.lambda$execute$16(DefaultGatewayClient.java:267)
	|_	Flux.then ⇢ discord4j.gateway.DefaultGatewayClient.lambda$execute$16(DefaultGatewayClient.java:268)
	|_	Mono.log ⇢ discord4j.gateway.DefaultGatewayClient.lambda$execute$16(DefaultGatewayClient.java:269)
	|_	Mono.zip ⇢ discord4j.gateway.DefaultGatewayClient.lambda$execute$16(DefaultGatewayClient.java:271)

2020-05-24 14:48:08.181 [main] ERROR ChatKat                                  : discord4j.common.close.CloseException: WebSocket closed: 4004 Authentication failed.
2020-05-24 14:49:37.359 [main] INFO  discord4j.core.DiscordClientBuilder      : Shard 0 with Discord4J 3.0.14 (https://discord4j.com)
2020-05-24 14:49:39.820 [reactor-http-nio-4] INFO  discord4j.gateway.client.0               : Connected to Gateway
2020-05-24 14:49:39.837 [discord4j-events-2] INFO  ChatKat                                  : Logged in as Chatty Kathy.
2020-05-24 14:49:42.800 [discord4j-events-2] INFO  ChatKat                                  : First back-fill event emitted
